<?xml version="1.0" encoding="UTF-8"?>
<testng-results skipped="0" failed="0" ignored="0" total="1" passed="1">
  <reporter-output>
  </reporter-output>
  <suite name="Default suite" duration-ms="3528" started-at="2022-05-26T18:46:42 EDT" finished-at="2022-05-26T18:46:46 EDT">
    <groups>
    </groups>
    <test name="Default test" duration-ms="3528" started-at="2022-05-26T18:46:42 EDT" finished-at="2022-05-26T18:46:46 EDT">
      <class name="test.LoginTest">
        <test-method status="PASS" signature="validUserShouldBeAbleToLogin()[pri:0, instance:test.LoginTest@1d29cf23]" name="validUserShouldBeAbleToLogin" duration-ms="3496" started-at="2022-05-26T18:46:42 EDT" finished-at="2022-05-26T18:46:46 EDT">
          <reporter-output>
          </reporter-output>
        </test-method> <!-- validUserShouldBeAbleToLogin -->
      </class> <!-- test.LoginTest -->
    </test> <!-- Default test -->
  </suite> <!-- Default suite -->
</testng-results>
